Content-Type: text/plain; charset="utf-8"
MIME-Version: 1.0
Content-Transfer-Encoding: quoted-printable
Subject: [Django] ERROR: Hello! I'm error in your app. Enjoy:)
From: Geographsawqa@yandex.ru
To: Karaxanoval@mail.ru
Date: Tue, 12 Sep 2023 20:27:31 -0000
Message-ID: <169455045164.10920.6574114122714527519@Lenovo-PC>

2023-09-13 01:27:31,549  ERROR  Hello! I'm error in your app. Enjoy:)  C:\S=
killFactory\moduleD6_homework\NewsPaper\news\views.py


Report
Hello! I'm error in your app. Enjoy:)

Django Version: 4.2.4
Python Executable: C:\SkillFactory\moduleD6_homework\venv\scripts\python.exe
Python Version: 3.11.3
Python Path: ['C:\\SkillFactory\\moduleD6_homework\\NewsPaper', 'C:\\Python=
311\\python311.zip', 'C:\\Python311\\DLLs', 'C:\\Python311\\Lib', 'C:\\Pyth=
on311', 'C:\\SkillFactory\\moduleD6_homework\\venv', 'C:\\SkillFactory\\mod=
uleD6_homework\\venv\\Lib\\site-packages']
Server time: Tue, 12 Sep 2023 20:27:31 +0000
Installed Applications:
['django.contrib.admin',
 'django.contrib.auth',
 'django.contrib.contenttypes',
 'django.contrib.sessions',
 'django.contrib.messages',
 'django.contrib.staticfiles',
 'django_filters',
 'django_apscheduler',
 'allauth',
 'allauth.account',
 'allauth.socialaccount',
 'allauth.socialaccount.providers.google',
 'news.apps.NewsConfig',
 'accounts']
Installed Middleware:
['django.middleware.security.SecurityMiddleware',
 'django.contrib.sessions.middleware.SessionMiddleware',
 'django.middleware.common.CommonMiddleware',
 'django.middleware.csrf.CsrfViewMiddleware',
 'django.contrib.auth.middleware.AuthenticationMiddleware',
 'django.contrib.messages.middleware.MessageMiddleware',
 'django.middleware.clickjacking.XFrameOptionsMiddleware']


Traceback (most recent call last):
  None



Request data not supplied

Settings:
Using settings module NewsPaper.settings
ABSOLUTE_URL_OVERRIDES =3D {}
ACCOUNT_AUTHENTICATION_METHOD =3D 'email'
ACCOUNT_EMAIL_REQUIRED =3D True
ACCOUNT_EMAIL_VERIFICATION =3D 'mandatory'
ACCOUNT_FORMS =3D {'signup': 'news.forms.BasicSignupForm', 'login': 'news.f=
orms.BasicLoginForm'}
ACCOUNT_UNIQUE_EMAIL =3D True
ACCOUNT_USERNAME_REQUIRED =3D False
ADMINS =3D [('admin', 'Karaxanoval@mail.ru')]
ALLOWED_HOSTS =3D []
APPEND_SLASH =3D True
APSCHEDULER_DATETIME_FORMAT =3D 'N j, Y, f:s a'
APSCHEDULER_RUN_NOW_TIMEOUT =3D 25
AUTHENTICATION_BACKENDS =3D ['django.contrib.auth.backends.ModelBackend', '=
allauth.account.auth_backends.AuthenticationBackend']
AUTH_PASSWORD_VALIDATORS =3D '********************'
AUTH_USER_MODEL =3D 'auth.User'
BASE_DIR =3D WindowsPath('C:/SkillFactory/moduleD6_homework/NewsPaper')
CACHES =3D {'default': {'BACKEND': 'django.core.cache.backends.locmem.LocMe=
mCache'}}
CACHE_MIDDLEWARE_ALIAS =3D 'default'
CACHE_MIDDLEWARE_KEY_PREFIX =3D '********************'
CACHE_MIDDLEWARE_SECONDS =3D 600
CSRF_COOKIE_AGE =3D 31449600
CSRF_COOKIE_DOMAIN =3D None
CSRF_COOKIE_HTTPONLY =3D False
CSRF_COOKIE_MASKED =3D False
CSRF_COOKIE_NAME =3D 'csrftoken'
CSRF_COOKIE_PATH =3D '/'
CSRF_COOKIE_SAMESITE =3D 'Lax'
CSRF_COOKIE_SECURE =3D False
CSRF_FAILURE_VIEW =3D 'django.views.csrf.csrf_failure'
CSRF_HEADER_NAME =3D 'HTTP_X_CSRFTOKEN'
CSRF_TRUSTED_ORIGINS =3D []
CSRF_USE_SESSIONS =3D False
DATABASES =3D {'default': {'ENGINE': 'django.db.backends.sqlite3', 'NAME': =
WindowsPath('C:/SkillFactory/moduleD6_homework/NewsPaper/db.sqlite3'), 'ATO=
MIC_REQUESTS': False, 'AUTOCOMMIT': True, 'CONN_MAX_AGE': 0, 'CONN_HEALTH_C=
HECKS': False, 'OPTIONS': {}, 'TIME_ZONE': None, 'USER': '', 'PASSWORD': '*=
*******************', 'HOST': '', 'PORT': '', 'TEST': {'CHARSET': None, 'CO=
LLATION': None, 'MIGRATE': True, 'MIRROR': None, 'NAME': None}}}
DATABASE_ROUTERS =3D []
DATA_UPLOAD_MAX_MEMORY_SIZE =3D 2621440
DATA_UPLOAD_MAX_NUMBER_FIELDS =3D 1000
DATA_UPLOAD_MAX_NUMBER_FILES =3D 100
DATETIME_FORMAT =3D 'N j, Y, P'
DATETIME_INPUT_FORMATS =3D ['%Y-%m-%d %H:%M:%S', '%Y-%m-%d %H:%M:%S.%f', '%=
Y-%m-%d %H:%M', '%m/%d/%Y %H:%M:%S', '%m/%d/%Y %H:%M:%S.%f', '%m/%d/%Y %H:%=
M', '%m/%d/%y %H:%M:%S', '%m/%d/%y %H:%M:%S.%f', '%m/%d/%y %H:%M']
DATE_FORMAT =3D 'N j, Y'
DATE_INPUT_FORMATS =3D ['%Y-%m-%d', '%m/%d/%Y', '%m/%d/%y', '%b %d %Y', '%b=
 %d, %Y', '%d %b %Y', '%d %b, %Y', '%B %d %Y', '%B %d, %Y', '%d %B %Y', '%d=
 %B, %Y']
DEBUG =3D True
DEBUG_PROPAGATE_EXCEPTIONS =3D False
DECIMAL_SEPARATOR =3D '.'
DEFAULT_AUTO_FIELD =3D 'django.db.models.BigAutoField'
DEFAULT_CHARSET =3D 'utf-8'
DEFAULT_EXCEPTION_REPORTER =3D 'django.views.debug.ExceptionReporter'
DEFAULT_EXCEPTION_REPORTER_FILTER =3D 'django.views.debug.SafeExceptionRepo=
rterFilter'
DEFAULT_FILE_STORAGE =3D 'django.core.files.storage.FileSystemStorage'
DEFAULT_FROM_EMAIL =3D 'Geographsawqa@yandex.ru'
DEFAULT_INDEX_TABLESPACE =3D ''
DEFAULT_TABLESPACE =3D ''
DISALLOWED_USER_AGENTS =3D []
EMAIL_ADMIN =3D 'Geographsawqa@yandex.ru'
EMAIL_BACKEND =3D 'django.core.mail.backends.smtp.EmailBackend'
EMAIL_FILE_PATH =3D '../email-messages'
EMAIL_HOST =3D 'smtp.yandex.ru'
EMAIL_HOST_PASSWORD =3D '********************'
EMAIL_HOST_USER =3D 'Geographsawqa@yandex.ru'
EMAIL_PORT =3D 465
EMAIL_SSL_CERTFILE =3D None
EMAIL_SSL_KEYFILE =3D '********************'
EMAIL_SUBJECT_PREFIX =3D '[Django] '
EMAIL_TIMEOUT =3D None
EMAIL_USE_LOCALTIME =3D False
EMAIL_USE_SSL =3D True
EMAIL_USE_TLS =3D False
FILE_UPLOAD_DIRECTORY_PERMISSIONS =3D None
FILE_UPLOAD_HANDLERS =3D ['django.core.files.uploadhandler.MemoryFileUpload=
Handler', 'django.core.files.uploadhandler.TemporaryFileUploadHandler']
FILE_UPLOAD_MAX_MEMORY_SIZE =3D 2621440
FILE_UPLOAD_PERMISSIONS =3D 420
FILE_UPLOAD_TEMP_DIR =3D None
FIRST_DAY_OF_WEEK =3D 0
FIXTURE_DIRS =3D []
FORCE_SCRIPT_NAME =3D None
FORMAT_MODULE_PATH =3D None
FORM_RENDERER =3D 'django.forms.renderers.DjangoTemplates'
IGNORABLE_404_URLS =3D []
INSTALLED_APPS =3D ['django.contrib.admin', 'django.contrib.auth', 'django.=
contrib.contenttypes', 'django.contrib.sessions', 'django.contrib.messages'=
, 'django.contrib.staticfiles', 'django_filters', 'django_apscheduler', 'al=
lauth', 'allauth.account', 'allauth.socialaccount', 'allauth.socialaccount.=
providers.google', 'news.apps.NewsConfig', 'accounts']
INTERNAL_IPS =3D []
LANGUAGES =3D [('af', 'Afrikaans'), ('ar', 'Arabic'), ('ar-dz', 'Algerian A=
rabic'), ('ast', 'Asturian'), ('az', 'Azerbaijani'), ('bg', 'Bulgarian'), (=
'be', 'Belarusian'), ('bn', 'Bengali'), ('br', 'Breton'), ('bs', 'Bosnian')=
, ('ca', 'Catalan'), ('ckb', 'Central Kurdish (Sorani)'), ('cs', 'Czech'), =
('cy', 'Welsh'), ('da', 'Danish'), ('de', 'German'), ('dsb', 'Lower Sorbian=
'), ('el', 'Greek'), ('en', 'English'), ('en-au', 'Australian English'), ('=
en-gb', 'British English'), ('eo', 'Esperanto'), ('es', 'Spanish'), ('es-ar=
', 'Argentinian Spanish'), ('es-co', 'Colombian Spanish'), ('es-mx', 'Mexic=
an Spanish'), ('es-ni', 'Nicaraguan Spanish'), ('es-ve', 'Venezuelan Spanis=
h'), ('et', 'Estonian'), ('eu', 'Basque'), ('fa', 'Persian'), ('fi', 'Finni=
sh'), ('fr', 'French'), ('fy', 'Frisian'), ('ga', 'Irish'), ('gd', 'Scottis=
h Gaelic'), ('gl', 'Galician'), ('he', 'Hebrew'), ('hi', 'Hindi'), ('hr', '=
Croatian'), ('hsb', 'Upper Sorbian'), ('hu', 'Hungarian'), ('hy', 'Armenian=
'), ('ia', 'Interlingua'), ('id', 'Indonesian'), ('ig', 'Igbo'), ('io', 'Id=
o'), ('is', 'Icelandic'), ('it', 'Italian'), ('ja', 'Japanese'), ('ka', 'Ge=
orgian'), ('kab', 'Kabyle'), ('kk', 'Kazakh'), ('km', 'Khmer'), ('kn', 'Kan=
nada'), ('ko', 'Korean'), ('ky', 'Kyrgyz'), ('lb', 'Luxembourgish'), ('lt',=
 'Lithuanian'), ('lv', 'Latvian'), ('mk', 'Macedonian'), ('ml', 'Malayalam'=
), ('mn', 'Mongolian'), ('mr', 'Marathi'), ('ms', 'Malay'), ('my', 'Burmese=
'), ('nb', 'Norwegian Bokm=C3=A5l'), ('ne', 'Nepali'), ('nl', 'Dutch'), ('n=
n', 'Norwegian Nynorsk'), ('os', 'Ossetic'), ('pa', 'Punjabi'), ('pl', 'Pol=
ish'), ('pt', 'Portuguese'), ('pt-br', 'Brazilian Portuguese'), ('ro', 'Rom=
anian'), ('ru', 'Russian'), ('sk', 'Slovak'), ('sl', 'Slovenian'), ('sq', '=
Albanian'), ('sr', 'Serbian'), ('sr-latn', 'Serbian Latin'), ('sv', 'Swedis=
h'), ('sw', 'Swahili'), ('ta', 'Tamil'), ('te', 'Telugu'), ('tg', 'Tajik'),=
 ('th', 'Thai'), ('tk', 'Turkmen'), ('tr', 'Turkish'), ('tt', 'Tatar'), ('u=
dm', 'Udmurt'), ('uk', 'Ukrainian'), ('ur', 'Urdu'), ('uz', 'Uzbek'), ('vi'=
, 'Vietnamese'), ('zh-hans', 'Simplified Chinese'), ('zh-hant', 'Traditiona=
l Chinese')]
LANGUAGES_BIDI =3D ['he', 'ar', 'ar-dz', 'ckb', 'fa', 'ur']
LANGUAGE_CODE =3D 'en-us'
LANGUAGE_COOKIE_AGE =3D None
LANGUAGE_COOKIE_DOMAIN =3D None
LANGUAGE_COOKIE_HTTPONLY =3D False
LANGUAGE_COOKIE_NAME =3D 'django_language'
LANGUAGE_COOKIE_PATH =3D '/'
LANGUAGE_COOKIE_SAMESITE =3D None
LANGUAGE_COOKIE_SECURE =3D False
LOCALE_PATHS =3D []
LOGGING =3D {'version': 1, 'disable_existing_loggers': False, 'formatters':=
 {'formatter_debug': {'format': '{asctime}  {levelname}  {message}\n', 'sty=
le': '{'}, 'formatter_warning': {'format': '{asctime}  {levelname}  {messag=
e}  {pathname}\n', 'style': '{'}, 'formatter_error': {'format': '{asctime} =
 {levelname}  {message}  {pathname}  {exc_info}\n', 'style': '{'}, 'formatt=
er_info': {'format': '{asctime}  {levelname}  {module}  {message}\n', 'styl=
e': '{'}}, 'filters': {'require_debug_true': {'()': 'django.utils.log.Requi=
reDebugTrue'}, 'require_debug_false': {'()': 'django.utils.log.RequireDebug=
False'}}, 'handlers': {'console_debug': {'level': 'DEBUG', 'class': 'loggin=
g.StreamHandler', 'formatter': 'formatter_debug', 'filters': ['require_debu=
g_true']}, 'console_warning': {'level': 'WARNING', 'class': 'logging.Stream=
Handler', 'formatter': 'formatter_warning', 'filters': ['require_debug_true=
']}, 'console_error': {'level': 'ERROR', 'class': 'logging.StreamHandler', =
'formatter': 'formatter_error', 'filters': ['require_debug_true']}, 'file_i=
nfo': {'level': 'INFO', 'class': 'logging.FileHandler', 'filename': 'genera=
l.log', 'formatter': 'formatter_info', 'filters': ['require_debug_false']},=
 'file_error': {'level': 'ERROR', 'class': 'logging.FileHandler', 'filename=
': 'errors.log', 'formatter': 'formatter_error', 'filters': ['require_debug=
_false']}, 'file_security': {'level': 'DEBUG', 'class': 'logging.FileHandle=
r', 'filename': 'security.log', 'formatter': 'formatter_info'}, 'mail_admin=
s': {'level': 'ERROR', 'class': 'django.utils.log.AdminEmailHandler', 'emai=
l_backend': 'django.core.mail.backends.filebased.EmailBackend', 'formatter'=
: 'formatter_warning', 'filters': ['require_debug_true']}}, 'loggers': {'dj=
ango': {'handlers': ['console_debug', 'console_warning', 'console_error', '=
file_info'], 'level': 'DEBUG', 'propagate': True}, 'django.request': {'hand=
lers': ['file_error', 'mail_admins'], 'level': 'ERROR', 'propagate': True},=
 'django.server': {'handlers': ['file_error', 'mail_admins'], 'level': 'ERR=
OR', 'propagate': True}, 'django.template': {'handlers': ['file_error'], 'l=
evel': 'ERROR', 'propagate': True}, 'django.db_backends': {'handlers': ['fi=
le_error'], 'level': 'ERROR', 'propagate': True}, 'django.security': {'hand=
lers': ['file_security'], 'level': 'DEBUG', 'propagate': True}, 'error': {'=
handlers': ['file_error'], 'level': 'ERROR', 'propagate': True}}}
LOGGING_CONFIG =3D 'logging.config.dictConfig'
LOGIN_REDIRECT_URL =3D '/news/'
LOGIN_URL =3D '/accounts/login/'
LOGOUT_REDIRECT_URL =3D '/news/'
MANAGERS =3D []
MEDIA_ROOT =3D ''
MEDIA_URL =3D '/'
MESSAGE_STORAGE =3D 'django.contrib.messages.storage.fallback.FallbackStora=
ge'
MIDDLEWARE =3D ['django.middleware.security.SecurityMiddleware', 'django.co=
ntrib.sessions.middleware.SessionMiddleware', 'django.middleware.common.Com=
monMiddleware', 'django.middleware.csrf.CsrfViewMiddleware', 'django.contri=
b.auth.middleware.AuthenticationMiddleware', 'django.contrib.messages.middl=
eware.MessageMiddleware', 'django.middleware.clickjacking.XFrameOptionsMidd=
leware']
MIGRATION_MODULES =3D {}
MONTH_DAY_FORMAT =3D 'F j'
NUMBER_GROUPING =3D 0
PASSWORD_HASHERS =3D '********************'
PASSWORD_RESET_TIMEOUT =3D '********************'
PREPEND_WWW =3D False
ROOT_URLCONF =3D 'NewsPaper.urls'
SECRET_KEY =3D '********************'
SECRET_KEY_FALLBACKS =3D '********************'
SECURE_CONTENT_TYPE_NOSNIFF =3D True
SECURE_CROSS_ORIGIN_OPENER_POLICY =3D 'same-origin'
SECURE_HSTS_INCLUDE_SUBDOMAINS =3D False
SECURE_HSTS_PRELOAD =3D False
SECURE_HSTS_SECONDS =3D 0
SECURE_PROXY_SSL_HEADER =3D None
SECURE_REDIRECT_EXEMPT =3D []
SECURE_REFERRER_POLICY =3D 'same-origin'
SECURE_SSL_HOST =3D None
SECURE_SSL_REDIRECT =3D False
SERVER_EMAIL =3D 'Geographsawqa@yandex.ru'
SESSION_CACHE_ALIAS =3D 'default'
SESSION_COOKIE_AGE =3D 1209600
SESSION_COOKIE_DOMAIN =3D None
SESSION_COOKIE_HTTPONLY =3D True
SESSION_COOKIE_NAME =3D 'sessionid'
SESSION_COOKIE_PATH =3D '/'
SESSION_COOKIE_SAMESITE =3D 'Lax'
SESSION_COOKIE_SECURE =3D False
SESSION_ENGINE =3D 'django.contrib.sessions.backends.db'
SESSION_EXPIRE_AT_BROWSER_CLOSE =3D False
SESSION_FILE_PATH =3D None
SESSION_SAVE_EVERY_REQUEST =3D False
SESSION_SERIALIZER =3D 'django.contrib.sessions.serializers.JSONSerializer'
SETTINGS_MODULE =3D 'NewsPaper.settings'
SHORT_DATETIME_FORMAT =3D 'm/d/Y P'
SHORT_DATE_FORMAT =3D 'm/d/Y'
SIGNING_BACKEND =3D 'django.core.signing.TimestampSigner'
SILENCED_SYSTEM_CHECKS =3D []
STATICFILES_DIRS =3D []
STATICFILES_FINDERS =3D ['django.contrib.staticfiles.finders.FileSystemFind=
er', 'django.contrib.staticfiles.finders.AppDirectoriesFinder']
STATICFILES_STORAGE =3D 'django.contrib.staticfiles.storage.StaticFilesStor=
age'
STATIC_ROOT =3D None
STATIC_URL =3D '/static/'
STORAGES =3D {'default': {'BACKEND': 'django.core.files.storage.FileSystemS=
torage'}, 'staticfiles': {'BACKEND': 'django.contrib.staticfiles.storage.St=
aticFilesStorage'}}
TEMPLATES =3D [{'BACKEND': 'django.template.backends.django.DjangoTemplates=
', 'DIRS': [WindowsPath('C:/SkillFactory/moduleD6_homework/NewsPaper/templa=
tes')], 'APP_DIRS': True, 'OPTIONS': {'context_processors': ['django.templa=
te.context_processors.debug', 'django.template.context_processors.request',=
 'django.contrib.auth.context_processors.auth', 'django.contrib.messages.co=
ntext_processors.messages']}}]
TEST_NON_SERIALIZED_APPS =3D []
TEST_RUNNER =3D 'django.test.runner.DiscoverRunner'
THOUSAND_SEPARATOR =3D ','
TIME_FORMAT =3D 'P'
TIME_INPUT_FORMATS =3D ['%H:%M:%S', '%H:%M:%S.%f', '%H:%M']
TIME_ZONE =3D 'UTC'
USE_DEPRECATED_PYTZ =3D False
USE_I18N =3D True
USE_L10N =3D True
USE_THOUSAND_SEPARATOR =3D False
USE_TZ =3D True
USE_X_FORWARDED_HOST =3D False
USE_X_FORWARDED_PORT =3D False
WSGI_APPLICATION =3D 'NewsPaper.wsgi.application'
X_FRAME_OPTIONS =3D 'DENY'
YEAR_MONTH_FORMAT =3D 'F Y'



-------------------------------------------------------------------------------
