Content-Type: multipart/alternative;
 boundary="===============7981083604803824606=="
MIME-Version: 1.0
Subject: [Django] ERROR: Hello! I'm error in your app. Enjoy:)
From: Geographsawqa@yandex.ru
To: Karaxanoval@mail.ru
Date: Tue, 12 Sep 2023 20:15:36 -0000
Message-ID: <169454973626.10224.12177852126708337784@Lenovo-PC>

--===============7981083604803824606==
Content-Type: text/plain; charset="utf-8"
MIME-Version: 1.0
Content-Transfer-Encoding: quoted-printable

2023-09-13 01:15:36,146  ERROR  Hello! I'm error in your app. Enjoy:)  C:\S=
killFactory\moduleD6_homework\NewsPaper\news\views.py


Report
Hello! I'm error in your app. Enjoy:)

Django Version: 4.2.4
Python Executable: C:\SkillFactory\moduleD6_homework\venv\scripts\python.exe
Python Version: 3.11.3
Python Path: ['C:\\SkillFactory\\moduleD6_homework\\NewsPaper', 'C:\\Python=
311\\python311.zip', 'C:\\Python311\\DLLs', 'C:\\Python311\\Lib', 'C:\\Pyth=
on311', 'C:\\SkillFactory\\moduleD6_homework\\venv', 'C:\\SkillFactory\\mod=
uleD6_homework\\venv\\Lib\\site-packages']
Server time: Tue, 12 Sep 2023 20:15:36 +0000
Installed Applications:
['django.contrib.admin',
 'django.contrib.auth',
 'django.contrib.contenttypes',
 'django.contrib.sessions',
 'django.contrib.messages',
 'django.contrib.staticfiles',
 'django_filters',
 'django_apscheduler',
 'allauth',
 'allauth.account',
 'allauth.socialaccount',
 'allauth.socialaccount.providers.google',
 'news.apps.NewsConfig',
 'accounts']
Installed Middleware:
['django.middleware.security.SecurityMiddleware',
 'django.contrib.sessions.middleware.SessionMiddleware',
 'django.middleware.common.CommonMiddleware',
 'django.middleware.csrf.CsrfViewMiddleware',
 'django.contrib.auth.middleware.AuthenticationMiddleware',
 'django.contrib.messages.middleware.MessageMiddleware',
 'django.middleware.clickjacking.XFrameOptionsMiddleware']


Traceback (most recent call last):
  None



Request data not supplied

Settings:
Using settings module NewsPaper.settings
ABSOLUTE_URL_OVERRIDES =3D {}
ACCOUNT_AUTHENTICATION_METHOD =3D 'email'
ACCOUNT_EMAIL_REQUIRED =3D True
ACCOUNT_EMAIL_VERIFICATION =3D 'mandatory'
ACCOUNT_FORMS =3D {'signup': 'news.forms.BasicSignupForm', 'login': 'news.f=
orms.BasicLoginForm'}
ACCOUNT_UNIQUE_EMAIL =3D True
ACCOUNT_USERNAME_REQUIRED =3D False
ADMINS =3D [('admin', 'Karaxanoval@mail.ru')]
ALLOWED_HOSTS =3D []
APPEND_SLASH =3D True
APSCHEDULER_DATETIME_FORMAT =3D 'N j, Y, f:s a'
APSCHEDULER_RUN_NOW_TIMEOUT =3D 25
AUTHENTICATION_BACKENDS =3D ['django.contrib.auth.backends.ModelBackend', '=
allauth.account.auth_backends.AuthenticationBackend']
AUTH_PASSWORD_VALIDATORS =3D '********************'
AUTH_USER_MODEL =3D 'auth.User'
BASE_DIR =3D WindowsPath('C:/SkillFactory/moduleD6_homework/NewsPaper')
CACHES =3D {'default': {'BACKEND': 'django.core.cache.backends.locmem.LocMe=
mCache'}}
CACHE_MIDDLEWARE_ALIAS =3D 'default'
CACHE_MIDDLEWARE_KEY_PREFIX =3D '********************'
CACHE_MIDDLEWARE_SECONDS =3D 600
CSRF_COOKIE_AGE =3D 31449600
CSRF_COOKIE_DOMAIN =3D None
CSRF_COOKIE_HTTPONLY =3D False
CSRF_COOKIE_MASKED =3D False
CSRF_COOKIE_NAME =3D 'csrftoken'
CSRF_COOKIE_PATH =3D '/'
CSRF_COOKIE_SAMESITE =3D 'Lax'
CSRF_COOKIE_SECURE =3D False
CSRF_FAILURE_VIEW =3D 'django.views.csrf.csrf_failure'
CSRF_HEADER_NAME =3D 'HTTP_X_CSRFTOKEN'
CSRF_TRUSTED_ORIGINS =3D []
CSRF_USE_SESSIONS =3D False
DATABASES =3D {'default': {'ENGINE': 'django.db.backends.sqlite3', 'NAME': =
WindowsPath('C:/SkillFactory/moduleD6_homework/NewsPaper/db.sqlite3'), 'ATO=
MIC_REQUESTS': False, 'AUTOCOMMIT': True, 'CONN_MAX_AGE': 0, 'CONN_HEALTH_C=
HECKS': False, 'OPTIONS': {}, 'TIME_ZONE': None, 'USER': '', 'PASSWORD': '*=
*******************', 'HOST': '', 'PORT': '', 'TEST': {'CHARSET': None, 'CO=
LLATION': None, 'MIGRATE': True, 'MIRROR': None, 'NAME': None}}}
DATABASE_ROUTERS =3D []
DATA_UPLOAD_MAX_MEMORY_SIZE =3D 2621440
DATA_UPLOAD_MAX_NUMBER_FIELDS =3D 1000
DATA_UPLOAD_MAX_NUMBER_FILES =3D 100
DATETIME_FORMAT =3D 'N j, Y, P'
DATETIME_INPUT_FORMATS =3D ['%Y-%m-%d %H:%M:%S', '%Y-%m-%d %H:%M:%S.%f', '%=
Y-%m-%d %H:%M', '%m/%d/%Y %H:%M:%S', '%m/%d/%Y %H:%M:%S.%f', '%m/%d/%Y %H:%=
M', '%m/%d/%y %H:%M:%S', '%m/%d/%y %H:%M:%S.%f', '%m/%d/%y %H:%M']
DATE_FORMAT =3D 'N j, Y'
DATE_INPUT_FORMATS =3D ['%Y-%m-%d', '%m/%d/%Y', '%m/%d/%y', '%b %d %Y', '%b=
 %d, %Y', '%d %b %Y', '%d %b, %Y', '%B %d %Y', '%B %d, %Y', '%d %B %Y', '%d=
 %B, %Y']
DEBUG =3D True
DEBUG_PROPAGATE_EXCEPTIONS =3D False
DECIMAL_SEPARATOR =3D '.'
DEFAULT_AUTO_FIELD =3D 'django.db.models.BigAutoField'
DEFAULT_CHARSET =3D 'utf-8'
DEFAULT_EXCEPTION_REPORTER =3D 'django.views.debug.ExceptionReporter'
DEFAULT_EXCEPTION_REPORTER_FILTER =3D 'django.views.debug.SafeExceptionRepo=
rterFilter'
DEFAULT_FILE_STORAGE =3D 'django.core.files.storage.FileSystemStorage'
DEFAULT_FROM_EMAIL =3D 'Geographsawqa@yandex.ru'
DEFAULT_INDEX_TABLESPACE =3D ''
DEFAULT_TABLESPACE =3D ''
DISALLOWED_USER_AGENTS =3D []
EMAIL_ADMIN =3D 'Geographsawqa@yandex.ru'
EMAIL_BACKEND =3D 'django.core.mail.backends.smtp.EmailBackend'
EMAIL_FILE_PATH =3D '../email-messages'
EMAIL_HOST =3D 'smtp.yandex.ru'
EMAIL_HOST_PASSWORD =3D '********************'
EMAIL_HOST_USER =3D 'Geographsawqa@yandex.ru'
EMAIL_PORT =3D 465
EMAIL_SSL_CERTFILE =3D None
EMAIL_SSL_KEYFILE =3D '********************'
EMAIL_SUBJECT_PREFIX =3D '[Django] '
EMAIL_TIMEOUT =3D None
EMAIL_USE_LOCALTIME =3D False
EMAIL_USE_SSL =3D True
EMAIL_USE_TLS =3D False
FILE_UPLOAD_DIRECTORY_PERMISSIONS =3D None
FILE_UPLOAD_HANDLERS =3D ['django.core.files.uploadhandler.MemoryFileUpload=
Handler', 'django.core.files.uploadhandler.TemporaryFileUploadHandler']
FILE_UPLOAD_MAX_MEMORY_SIZE =3D 2621440
FILE_UPLOAD_PERMISSIONS =3D 420
FILE_UPLOAD_TEMP_DIR =3D None
FIRST_DAY_OF_WEEK =3D 0
FIXTURE_DIRS =3D []
FORCE_SCRIPT_NAME =3D None
FORMAT_MODULE_PATH =3D None
FORM_RENDERER =3D 'django.forms.renderers.DjangoTemplates'
IGNORABLE_404_URLS =3D []
INSTALLED_APPS =3D ['django.contrib.admin', 'django.contrib.auth', 'django.=
contrib.contenttypes', 'django.contrib.sessions', 'django.contrib.messages'=
, 'django.contrib.staticfiles', 'django_filters', 'django_apscheduler', 'al=
lauth', 'allauth.account', 'allauth.socialaccount', 'allauth.socialaccount.=
providers.google', 'news.apps.NewsConfig', 'accounts']
INTERNAL_IPS =3D []
LANGUAGES =3D [('af', 'Afrikaans'), ('ar', 'Arabic'), ('ar-dz', 'Algerian A=
rabic'), ('ast', 'Asturian'), ('az', 'Azerbaijani'), ('bg', 'Bulgarian'), (=
'be', 'Belarusian'), ('bn', 'Bengali'), ('br', 'Breton'), ('bs', 'Bosnian')=
, ('ca', 'Catalan'), ('ckb', 'Central Kurdish (Sorani)'), ('cs', 'Czech'), =
('cy', 'Welsh'), ('da', 'Danish'), ('de', 'German'), ('dsb', 'Lower Sorbian=
'), ('el', 'Greek'), ('en', 'English'), ('en-au', 'Australian English'), ('=
en-gb', 'British English'), ('eo', 'Esperanto'), ('es', 'Spanish'), ('es-ar=
', 'Argentinian Spanish'), ('es-co', 'Colombian Spanish'), ('es-mx', 'Mexic=
an Spanish'), ('es-ni', 'Nicaraguan Spanish'), ('es-ve', 'Venezuelan Spanis=
h'), ('et', 'Estonian'), ('eu', 'Basque'), ('fa', 'Persian'), ('fi', 'Finni=
sh'), ('fr', 'French'), ('fy', 'Frisian'), ('ga', 'Irish'), ('gd', 'Scottis=
h Gaelic'), ('gl', 'Galician'), ('he', 'Hebrew'), ('hi', 'Hindi'), ('hr', '=
Croatian'), ('hsb', 'Upper Sorbian'), ('hu', 'Hungarian'), ('hy', 'Armenian=
'), ('ia', 'Interlingua'), ('id', 'Indonesian'), ('ig', 'Igbo'), ('io', 'Id=
o'), ('is', 'Icelandic'), ('it', 'Italian'), ('ja', 'Japanese'), ('ka', 'Ge=
orgian'), ('kab', 'Kabyle'), ('kk', 'Kazakh'), ('km', 'Khmer'), ('kn', 'Kan=
nada'), ('ko', 'Korean'), ('ky', 'Kyrgyz'), ('lb', 'Luxembourgish'), ('lt',=
 'Lithuanian'), ('lv', 'Latvian'), ('mk', 'Macedonian'), ('ml', 'Malayalam'=
), ('mn', 'Mongolian'), ('mr', 'Marathi'), ('ms', 'Malay'), ('my', 'Burmese=
'), ('nb', 'Norwegian Bokm=C3=A5l'), ('ne', 'Nepali'), ('nl', 'Dutch'), ('n=
n', 'Norwegian Nynorsk'), ('os', 'Ossetic'), ('pa', 'Punjabi'), ('pl', 'Pol=
ish'), ('pt', 'Portuguese'), ('pt-br', 'Brazilian Portuguese'), ('ro', 'Rom=
anian'), ('ru', 'Russian'), ('sk', 'Slovak'), ('sl', 'Slovenian'), ('sq', '=
Albanian'), ('sr', 'Serbian'), ('sr-latn', 'Serbian Latin'), ('sv', 'Swedis=
h'), ('sw', 'Swahili'), ('ta', 'Tamil'), ('te', 'Telugu'), ('tg', 'Tajik'),=
 ('th', 'Thai'), ('tk', 'Turkmen'), ('tr', 'Turkish'), ('tt', 'Tatar'), ('u=
dm', 'Udmurt'), ('uk', 'Ukrainian'), ('ur', 'Urdu'), ('uz', 'Uzbek'), ('vi'=
, 'Vietnamese'), ('zh-hans', 'Simplified Chinese'), ('zh-hant', 'Traditiona=
l Chinese')]
LANGUAGES_BIDI =3D ['he', 'ar', 'ar-dz', 'ckb', 'fa', 'ur']
LANGUAGE_CODE =3D 'en-us'
LANGUAGE_COOKIE_AGE =3D None
LANGUAGE_COOKIE_DOMAIN =3D None
LANGUAGE_COOKIE_HTTPONLY =3D False
LANGUAGE_COOKIE_NAME =3D 'django_language'
LANGUAGE_COOKIE_PATH =3D '/'
LANGUAGE_COOKIE_SAMESITE =3D None
LANGUAGE_COOKIE_SECURE =3D False
LOCALE_PATHS =3D []
LOGGING =3D {'version': 1, 'disable_existing_loggers': False, 'formatters':=
 {'formatter_debug': {'format': '{asctime}  {levelname}  {message}\n', 'sty=
le': '{'}, 'formatter_warning': {'format': '{asctime}  {levelname}  {messag=
e}  {pathname}\n', 'style': '{'}, 'formatter_error': {'format': '{asctime} =
 {levelname}  {message}  {pathname}  {exc_info}\n', 'style': '{'}, 'formatt=
er_info': {'format': '{asctime}  {levelname}  {module}  {message}\n', 'styl=
e': '{'}}, 'filters': {'require_debug_true': {'()': 'django.utils.log.Requi=
reDebugTrue'}, 'require_debug_false': {'()': 'django.utils.log.RequireDebug=
False'}}, 'handlers': {'console_debug': {'level': 'DEBUG', 'class': 'loggin=
g.StreamHandler', 'formatter': 'formatter_debug', 'filters': ['require_debu=
g_true']}, 'console_warning': {'level': 'WARNING', 'class': 'logging.Stream=
Handler', 'formatter': 'formatter_warning', 'filters': ['require_debug_true=
']}, 'console_error': {'level': 'ERROR', 'class': 'logging.StreamHandler', =
'formatter': 'formatter_error', 'filters': ['require_debug_true']}, 'file_i=
nfo': {'level': 'INFO', 'class': 'logging.FileHandler', 'filename': 'genera=
l.log', 'formatter': 'formatter_info', 'filters': ['require_debug_false']},=
 'file_error': {'level': 'ERROR', 'class': 'logging.FileHandler', 'filename=
': 'errors.log', 'formatter': 'formatter_error', 'filters': ['require_debug=
_false']}, 'file_security': {'level': 'DEBUG', 'class': 'logging.FileHandle=
r', 'filename': 'security.log', 'formatter': 'formatter_info'}, 'mail_admin=
s': {'level': 'ERROR', 'class': 'django.utils.log.AdminEmailHandler', 'incl=
ude_html': True, 'email_backend': 'django.core.mail.backends.filebased.Emai=
lBackend', 'formatter': 'formatter_warning', 'filters': ['require_debug_tru=
e']}}, 'loggers': {'django': {'handlers': ['console_debug', 'console_warnin=
g', 'console_error', 'file_info'], 'level': 'DEBUG', 'propagate': True}, 'd=
jango.request': {'handlers': ['file_error', 'mail_admins'], 'level': 'ERROR=
', 'propagate': True}, 'django.server': {'handlers': ['file_error', 'mail_a=
dmins'], 'level': 'ERROR', 'propagate': True}, 'django.template': {'handler=
s': ['file_error'], 'level': 'ERROR', 'propagate': True}, 'django.db_backen=
ds': {'handlers': ['file_error'], 'level': 'ERROR', 'propagate': True}, 'dj=
ango.security': {'handlers': ['file_security'], 'level': 'DEBUG', 'propagat=
e': True}, 'error': {'handlers': ['file_error'], 'level': 'ERROR', 'propaga=
te': True}}}
LOGGING_CONFIG =3D 'logging.config.dictConfig'
LOGIN_REDIRECT_URL =3D '/news/'
LOGIN_URL =3D '/accounts/login/'
LOGOUT_REDIRECT_URL =3D '/news/'
MANAGERS =3D []
MEDIA_ROOT =3D ''
MEDIA_URL =3D '/'
MESSAGE_STORAGE =3D 'django.contrib.messages.storage.fallback.FallbackStora=
ge'
MIDDLEWARE =3D ['django.middleware.security.SecurityMiddleware', 'django.co=
ntrib.sessions.middleware.SessionMiddleware', 'django.middleware.common.Com=
monMiddleware', 'django.middleware.csrf.CsrfViewMiddleware', 'django.contri=
b.auth.middleware.AuthenticationMiddleware', 'django.contrib.messages.middl=
eware.MessageMiddleware', 'django.middleware.clickjacking.XFrameOptionsMidd=
leware']
MIGRATION_MODULES =3D {}
MONTH_DAY_FORMAT =3D 'F j'
NUMBER_GROUPING =3D 0
PASSWORD_HASHERS =3D '********************'
PASSWORD_RESET_TIMEOUT =3D '********************'
PREPEND_WWW =3D False
ROOT_URLCONF =3D 'NewsPaper.urls'
SECRET_KEY =3D '********************'
SECRET_KEY_FALLBACKS =3D '********************'
SECURE_CONTENT_TYPE_NOSNIFF =3D True
SECURE_CROSS_ORIGIN_OPENER_POLICY =3D 'same-origin'
SECURE_HSTS_INCLUDE_SUBDOMAINS =3D False
SECURE_HSTS_PRELOAD =3D False
SECURE_HSTS_SECONDS =3D 0
SECURE_PROXY_SSL_HEADER =3D None
SECURE_REDIRECT_EXEMPT =3D []
SECURE_REFERRER_POLICY =3D 'same-origin'
SECURE_SSL_HOST =3D None
SECURE_SSL_REDIRECT =3D False
SERVER_EMAIL =3D 'Geographsawqa@yandex.ru'
SESSION_CACHE_ALIAS =3D 'default'
SESSION_COOKIE_AGE =3D 1209600
SESSION_COOKIE_DOMAIN =3D None
SESSION_COOKIE_HTTPONLY =3D True
SESSION_COOKIE_NAME =3D 'sessionid'
SESSION_COOKIE_PATH =3D '/'
SESSION_COOKIE_SAMESITE =3D 'Lax'
SESSION_COOKIE_SECURE =3D False
SESSION_ENGINE =3D 'django.contrib.sessions.backends.db'
SESSION_EXPIRE_AT_BROWSER_CLOSE =3D False
SESSION_FILE_PATH =3D None
SESSION_SAVE_EVERY_REQUEST =3D False
SESSION_SERIALIZER =3D 'django.contrib.sessions.serializers.JSONSerializer'
SETTINGS_MODULE =3D 'NewsPaper.settings'
SHORT_DATETIME_FORMAT =3D 'm/d/Y P'
SHORT_DATE_FORMAT =3D 'm/d/Y'
SIGNING_BACKEND =3D 'django.core.signing.TimestampSigner'
SILENCED_SYSTEM_CHECKS =3D []
STATICFILES_DIRS =3D []
STATICFILES_FINDERS =3D ['django.contrib.staticfiles.finders.FileSystemFind=
er', 'django.contrib.staticfiles.finders.AppDirectoriesFinder']
STATICFILES_STORAGE =3D 'django.contrib.staticfiles.storage.StaticFilesStor=
age'
STATIC_ROOT =3D None
STATIC_URL =3D '/static/'
STORAGES =3D {'default': {'BACKEND': 'django.core.files.storage.FileSystemS=
torage'}, 'staticfiles': {'BACKEND': 'django.contrib.staticfiles.storage.St=
aticFilesStorage'}}
TEMPLATES =3D [{'BACKEND': 'django.template.backends.django.DjangoTemplates=
', 'DIRS': [WindowsPath('C:/SkillFactory/moduleD6_homework/NewsPaper/templa=
tes')], 'APP_DIRS': True, 'OPTIONS': {'context_processors': ['django.templa=
te.context_processors.debug', 'django.template.context_processors.request',=
 'django.contrib.auth.context_processors.auth', 'django.contrib.messages.co=
ntext_processors.messages']}}]
TEST_NON_SERIALIZED_APPS =3D []
TEST_RUNNER =3D 'django.test.runner.DiscoverRunner'
THOUSAND_SEPARATOR =3D ','
TIME_FORMAT =3D 'P'
TIME_INPUT_FORMATS =3D ['%H:%M:%S', '%H:%M:%S.%f', '%H:%M']
TIME_ZONE =3D 'UTC'
USE_DEPRECATED_PYTZ =3D False
USE_I18N =3D True
USE_L10N =3D True
USE_THOUSAND_SEPARATOR =3D False
USE_TZ =3D True
USE_X_FORWARDED_HOST =3D False
USE_X_FORWARDED_PORT =3D False
WSGI_APPLICATION =3D 'NewsPaper.wsgi.application'
X_FRAME_OPTIONS =3D 'DENY'
YEAR_MONTH_FORMAT =3D 'F Y'



--===============7981083604803824606==
Content-Type: text/html; charset="utf-8"
MIME-Version: 1.0
Content-Transfer-Encoding: 8bit

<!DOCTYPE html>
<html lang="en">
<head>
  <meta http-equiv="content-type" content="text/html; charset=utf-8">
  <meta name="robots" content="NONE,NOARCHIVE">
  <title>Report
         </title>
  <style type="text/css">
    html * { padding:0; margin:0; }
    body * { padding:10px 20px; }
    body * * { padding:0; }
    body { font:small sans-serif; background-color:#fff; color:#000; }
    body>div { border-bottom:1px solid #ddd; }
    h1 { font-weight:normal; }
    h2 { margin-bottom:.8em; }
    h3 { margin:1em 0 .5em 0; }
    h4 { margin:0 0 .5em 0; font-weight: normal; }
    code, pre { font-size: 100%; white-space: pre-wrap; word-break: break-word; }
    summary { cursor: pointer; }
    table { border:1px solid #ccc; border-collapse: collapse; width:100%; background:white; }
    tbody td, tbody th { vertical-align:top; padding:2px 3px; }
    thead th {
      padding:1px 6px 1px 3px; background:#fefefe; text-align:left;
      font-weight:normal; font-size:11px; border:1px solid #ddd;
    }
    tbody th { width:12em; text-align:right; color:#666; padding-right:.5em; }
    table.vars { margin:5px 10px 2px 40px; width: auto; }
    table.vars td, table.req td { font-family:monospace; }
    table td.code { width:100%; }
    table td.code pre { overflow:hidden; }
    table.source th { color:#666; }
    table.source td { font-family:monospace; white-space:pre; border-bottom:1px solid #eee; }
    ul.traceback { list-style-type:none; color: #222; }
    ul.traceback li.cause { word-break: break-word; }
    ul.traceback li.frame { padding-bottom:1em; color:#4f4f4f; }
    ul.traceback li.user { background-color:#e0e0e0; color:#000 }
    div.context { padding:10px 0; overflow:hidden; }
    div.context ol { padding-left:30px; margin:0 10px; list-style-position: inside; }
    div.context ol li { font-family:monospace; white-space:pre; color:#777; cursor:pointer; padding-left: 2px; }
    div.context ol li pre { display:inline; }
    div.context ol.context-line li { color:#464646; background-color:#dfdfdf; padding: 3px 2px; }
    div.context ol.context-line li span { position:absolute; right:32px; }
    .user div.context ol.context-line li { background-color:#bbb; color:#000; }
    .user div.context ol li { color:#666; }
    div.commands, summary.commands { margin-left: 40px; }
    div.commands a, summary.commands { color:#555; text-decoration:none; }
    .user div.commands a { color: black; }
    #summary { background: #ffc; }
    #summary h2 { font-weight: normal; color: #666; }
    #explanation { background:#eee; }
    #template, #template-not-exist { background:#f6f6f6; }
    #template-not-exist ul { margin: 0 0 10px 20px; }
    #template-not-exist .postmortem-section { margin-bottom: 3px; }
    #unicode-hint { background:#eee; }
    #traceback { background:#eee; }
    #requestinfo { background:#f6f6f6; padding-left:120px; }
    #summary table { border:none; background:transparent; }
    #requestinfo h2, #requestinfo h3 { position:relative; margin-left:-100px; }
    #requestinfo h3 { margin-bottom:-1em; }
    .error { background: #ffc; }
    .specific { color:#cc3300; font-weight:bold; }
    h2 span.commands { font-size:.7em; font-weight:normal; }
    span.commands a:link {color:#5E5694;}
    pre.exception_value { font-family: sans-serif; color: #575757; font-size: 1.5em; margin: 10px 0 10px 0; }
    .append-bottom { margin-bottom: 10px; }
    .fname { user-select: all; }
  </style>
  
</head>
<body>
<div id="summary">
  <h1>Report
      </h1>
  <pre class="exception_value">Hello! I&#x27;m error in your app. Enjoy:)</pre>
  <table class="meta">

    <tr>
      <th>Django Version:</th>
      <td>4.2.4</td>
    </tr>



    <tr>
      <th>Exception Location:</th>
      <td><span class="fname"></span>, line , in </td>
    </tr>


    <tr>
      <th>Python Executable:</th>
      <td>C:\SkillFactory\moduleD6_homework\venv\scripts\python.exe</td>
    </tr>
    <tr>
      <th>Python Version:</th>
      <td>3.11.3</td>
    </tr>
    <tr>
      <th>Python Path:</th>
      <td><pre>[&#x27;C:\\SkillFactory\\moduleD6_homework\\NewsPaper&#x27;,
 &#x27;C:\\Python311\\python311.zip&#x27;,
 &#x27;C:\\Python311\\DLLs&#x27;,
 &#x27;C:\\Python311\\Lib&#x27;,
 &#x27;C:\\Python311&#x27;,
 &#x27;C:\\SkillFactory\\moduleD6_homework\\venv&#x27;,
 &#x27;C:\\SkillFactory\\moduleD6_homework\\venv\\Lib\\site-packages&#x27;]</pre></td>
    </tr>
    <tr>
      <th>Server time:</th>
      <td>Tue, 12 Sep 2023 20:15:36 +0000</td>
    </tr>
  </table>
</div>




<div id="traceback">
  <h2>Traceback
  </h2>
  <div id="browserTraceback">
    <ul class="traceback">
      
        
        <li class="frame user">
          
            None
          

          

          
        </li>
      
    </ul>
  </div>

</div>


<div id="requestinfo">
  <h2>Request information</h2>


  <p>Request data not supplied</p>


  <h3 id="settings-info">Settings</h3>
  <h4>Using settings module <code>NewsPaper.settings</code></h4>
  <table class="req">
    <thead>
      <tr>
        <th>Setting</th>
        <th>Value</th>
      </tr>
    </thead>
    <tbody>
      
        <tr>
          <td>ABSOLUTE_URL_OVERRIDES</td>
          <td class="code"><pre>{}</pre></td>
        </tr>
      
        <tr>
          <td>ACCOUNT_AUTHENTICATION_METHOD</td>
          <td class="code"><pre>&#x27;email&#x27;</pre></td>
        </tr>
      
        <tr>
          <td>ACCOUNT_EMAIL_REQUIRED</td>
          <td class="code"><pre>True</pre></td>
        </tr>
      
        <tr>
          <td>ACCOUNT_EMAIL_VERIFICATION</td>
          <td class="code"><pre>&#x27;mandatory&#x27;</pre></td>
        </tr>
      
        <tr>
          <td>ACCOUNT_FORMS</td>
          <td class="code"><pre>{&#x27;login&#x27;: &#x27;news.forms.BasicLoginForm&#x27;, &#x27;signup&#x27;: &#x27;news.forms.BasicSignupForm&#x27;}</pre></td>
        </tr>
      
        <tr>
          <td>ACCOUNT_UNIQUE_EMAIL</td>
          <td class="code"><pre>True</pre></td>
        </tr>
      
        <tr>
          <td>ACCOUNT_USERNAME_REQUIRED</td>
          <td class="code"><pre>False</pre></td>
        </tr>
      
        <tr>
          <td>ADMINS</td>
          <td class="code"><pre>[(&#x27;admin&#x27;, &#x27;Karaxanoval@mail.ru&#x27;)]</pre></td>
        </tr>
      
        <tr>
          <td>ALLOWED_HOSTS</td>
          <td class="code"><pre>[]</pre></td>
        </tr>
      
        <tr>
          <td>APPEND_SLASH</td>
          <td class="code"><pre>True</pre></td>
        </tr>
      
        <tr>
          <td>APSCHEDULER_DATETIME_FORMAT</td>
          <td class="code"><pre>&#x27;N j, Y, f:s a&#x27;</pre></td>
        </tr>
      
        <tr>
          <td>APSCHEDULER_RUN_NOW_TIMEOUT</td>
          <td class="code"><pre>25</pre></td>
        </tr>
      
        <tr>
          <td>AUTHENTICATION_BACKENDS</td>
          <td class="code"><pre>[&#x27;django.contrib.auth.backends.ModelBackend&#x27;,
 &#x27;allauth.account.auth_backends.AuthenticationBackend&#x27;]</pre></td>
        </tr>
      
        <tr>
          <td>AUTH_PASSWORD_VALIDATORS</td>
          <td class="code"><pre>&#x27;********************&#x27;</pre></td>
        </tr>
      
        <tr>
          <td>AUTH_USER_MODEL</td>
          <td class="code"><pre>&#x27;auth.User&#x27;</pre></td>
        </tr>
      
        <tr>
          <td>BASE_DIR</td>
          <td class="code"><pre>WindowsPath(&#x27;C:/SkillFactory/moduleD6_homework/NewsPaper&#x27;)</pre></td>
        </tr>
      
        <tr>
          <td>CACHES</td>
          <td class="code"><pre>{&#x27;default&#x27;: {&#x27;BACKEND&#x27;: &#x27;django.core.cache.backends.locmem.LocMemCache&#x27;}}</pre></td>
        </tr>
      
        <tr>
          <td>CACHE_MIDDLEWARE_ALIAS</td>
          <td class="code"><pre>&#x27;default&#x27;</pre></td>
        </tr>
      
        <tr>
          <td>CACHE_MIDDLEWARE_KEY_PREFIX</td>
          <td class="code"><pre>&#x27;********************&#x27;</pre></td>
        </tr>
      
        <tr>
          <td>CACHE_MIDDLEWARE_SECONDS</td>
          <td class="code"><pre>600</pre></td>
        </tr>
      
        <tr>
          <td>CSRF_COOKIE_AGE</td>
          <td class="code"><pre>31449600</pre></td>
        </tr>
      
        <tr>
          <td>CSRF_COOKIE_DOMAIN</td>
          <td class="code"><pre>None</pre></td>
        </tr>
      
        <tr>
          <td>CSRF_COOKIE_HTTPONLY</td>
          <td class="code"><pre>False</pre></td>
        </tr>
      
        <tr>
          <td>CSRF_COOKIE_MASKED</td>
          <td class="code"><pre>False</pre></td>
        </tr>
      
        <tr>
          <td>CSRF_COOKIE_NAME</td>
          <td class="code"><pre>&#x27;csrftoken&#x27;</pre></td>
        </tr>
      
        <tr>
          <td>CSRF_COOKIE_PATH</td>
          <td class="code"><pre>&#x27;/&#x27;</pre></td>
        </tr>
      
        <tr>
          <td>CSRF_COOKIE_SAMESITE</td>
          <td class="code"><pre>&#x27;Lax&#x27;</pre></td>
        </tr>
      
        <tr>
          <td>CSRF_COOKIE_SECURE</td>
          <td class="code"><pre>False</pre></td>
        </tr>
      
        <tr>
          <td>CSRF_FAILURE_VIEW</td>
          <td class="code"><pre>&#x27;django.views.csrf.csrf_failure&#x27;</pre></td>
        </tr>
      
        <tr>
          <td>CSRF_HEADER_NAME</td>
          <td class="code"><pre>&#x27;HTTP_X_CSRFTOKEN&#x27;</pre></td>
        </tr>
      
        <tr>
          <td>CSRF_TRUSTED_ORIGINS</td>
          <td class="code"><pre>[]</pre></td>
        </tr>
      
        <tr>
          <td>CSRF_USE_SESSIONS</td>
          <td class="code"><pre>False</pre></td>
        </tr>
      
        <tr>
          <td>DATABASES</td>
          <td class="code"><pre>{&#x27;default&#x27;: {&#x27;ATOMIC_REQUESTS&#x27;: False,
             &#x27;AUTOCOMMIT&#x27;: True,
             &#x27;CONN_HEALTH_CHECKS&#x27;: False,
             &#x27;CONN_MAX_AGE&#x27;: 0,
             &#x27;ENGINE&#x27;: &#x27;django.db.backends.sqlite3&#x27;,
             &#x27;HOST&#x27;: &#x27;&#x27;,
             &#x27;NAME&#x27;: WindowsPath(&#x27;C:/SkillFactory/moduleD6_homework/NewsPaper/db.sqlite3&#x27;),
             &#x27;OPTIONS&#x27;: {},
             &#x27;PASSWORD&#x27;: &#x27;********************&#x27;,
             &#x27;PORT&#x27;: &#x27;&#x27;,
             &#x27;TEST&#x27;: {&#x27;CHARSET&#x27;: None,
                      &#x27;COLLATION&#x27;: None,
                      &#x27;MIGRATE&#x27;: True,
                      &#x27;MIRROR&#x27;: None,
                      &#x27;NAME&#x27;: None},
             &#x27;TIME_ZONE&#x27;: None,
             &#x27;USER&#x27;: &#x27;&#x27;}}</pre></td>
        </tr>
      
        <tr>
          <td>DATABASE_ROUTERS</td>
          <td class="code"><pre>[]</pre></td>
        </tr>
      
        <tr>
          <td>DATA_UPLOAD_MAX_MEMORY_SIZE</td>
          <td class="code"><pre>2621440</pre></td>
        </tr>
      
        <tr>
          <td>DATA_UPLOAD_MAX_NUMBER_FIELDS</td>
          <td class="code"><pre>1000</pre></td>
        </tr>
      
        <tr>
          <td>DATA_UPLOAD_MAX_NUMBER_FILES</td>
          <td class="code"><pre>100</pre></td>
        </tr>
      
        <tr>
          <td>DATETIME_FORMAT</td>
          <td class="code"><pre>&#x27;N j, Y, P&#x27;</pre></td>
        </tr>
      
        <tr>
          <td>DATETIME_INPUT_FORMATS</td>
          <td class="code"><pre>[&#x27;%Y-%m-%d %H:%M:%S&#x27;,
 &#x27;%Y-%m-%d %H:%M:%S.%f&#x27;,
 &#x27;%Y-%m-%d %H:%M&#x27;,
 &#x27;%m/%d/%Y %H:%M:%S&#x27;,
 &#x27;%m/%d/%Y %H:%M:%S.%f&#x27;,
 &#x27;%m/%d/%Y %H:%M&#x27;,
 &#x27;%m/%d/%y %H:%M:%S&#x27;,
 &#x27;%m/%d/%y %H:%M:%S.%f&#x27;,
 &#x27;%m/%d/%y %H:%M&#x27;]</pre></td>
        </tr>
      
        <tr>
          <td>DATE_FORMAT</td>
          <td class="code"><pre>&#x27;N j, Y&#x27;</pre></td>
        </tr>
      
        <tr>
          <td>DATE_INPUT_FORMATS</td>
          <td class="code"><pre>[&#x27;%Y-%m-%d&#x27;,
 &#x27;%m/%d/%Y&#x27;,
 &#x27;%m/%d/%y&#x27;,
 &#x27;%b %d %Y&#x27;,
 &#x27;%b %d, %Y&#x27;,
 &#x27;%d %b %Y&#x27;,
 &#x27;%d %b, %Y&#x27;,
 &#x27;%B %d %Y&#x27;,
 &#x27;%B %d, %Y&#x27;,
 &#x27;%d %B %Y&#x27;,
 &#x27;%d %B, %Y&#x27;]</pre></td>
        </tr>
      
        <tr>
          <td>DEBUG</td>
          <td class="code"><pre>True</pre></td>
        </tr>
      
        <tr>
          <td>DEBUG_PROPAGATE_EXCEPTIONS</td>
          <td class="code"><pre>False</pre></td>
        </tr>
      
        <tr>
          <td>DECIMAL_SEPARATOR</td>
          <td class="code"><pre>&#x27;.&#x27;</pre></td>
        </tr>
      
        <tr>
          <td>DEFAULT_AUTO_FIELD</td>
          <td class="code"><pre>&#x27;django.db.models.BigAutoField&#x27;</pre></td>
        </tr>
      
        <tr>
          <td>DEFAULT_CHARSET</td>
          <td class="code"><pre>&#x27;utf-8&#x27;</pre></td>
        </tr>
      
        <tr>
          <td>DEFAULT_EXCEPTION_REPORTER</td>
          <td class="code"><pre>&#x27;django.views.debug.ExceptionReporter&#x27;</pre></td>
        </tr>
      
        <tr>
          <td>DEFAULT_EXCEPTION_REPORTER_FILTER</td>
          <td class="code"><pre>&#x27;django.views.debug.SafeExceptionReporterFilter&#x27;</pre></td>
        </tr>
      
        <tr>
          <td>DEFAULT_FILE_STORAGE</td>
          <td class="code"><pre>&#x27;django.core.files.storage.FileSystemStorage&#x27;</pre></td>
        </tr>
      
        <tr>
          <td>DEFAULT_FROM_EMAIL</td>
          <td class="code"><pre>&#x27;Geographsawqa@yandex.ru&#x27;</pre></td>
        </tr>
      
        <tr>
          <td>DEFAULT_INDEX_TABLESPACE</td>
          <td class="code"><pre>&#x27;&#x27;</pre></td>
        </tr>
      
        <tr>
          <td>DEFAULT_TABLESPACE</td>
          <td class="code"><pre>&#x27;&#x27;</pre></td>
        </tr>
      
        <tr>
          <td>DISALLOWED_USER_AGENTS</td>
          <td class="code"><pre>[]</pre></td>
        </tr>
      
        <tr>
          <td>EMAIL_ADMIN</td>
          <td class="code"><pre>&#x27;Geographsawqa@yandex.ru&#x27;</pre></td>
        </tr>
      
        <tr>
          <td>EMAIL_BACKEND</td>
          <td class="code"><pre>&#x27;django.core.mail.backends.smtp.EmailBackend&#x27;</pre></td>
        </tr>
      
        <tr>
          <td>EMAIL_FILE_PATH</td>
          <td class="code"><pre>&#x27;../email-messages&#x27;</pre></td>
        </tr>
      
        <tr>
          <td>EMAIL_HOST</td>
          <td class="code"><pre>&#x27;smtp.yandex.ru&#x27;</pre></td>
        </tr>
      
        <tr>
          <td>EMAIL_HOST_PASSWORD</td>
          <td class="code"><pre>&#x27;********************&#x27;</pre></td>
        </tr>
      
        <tr>
          <td>EMAIL_HOST_USER</td>
          <td class="code"><pre>&#x27;Geographsawqa@yandex.ru&#x27;</pre></td>
        </tr>
      
        <tr>
          <td>EMAIL_PORT</td>
          <td class="code"><pre>465</pre></td>
        </tr>
      
        <tr>
          <td>EMAIL_SSL_CERTFILE</td>
          <td class="code"><pre>None</pre></td>
        </tr>
      
        <tr>
          <td>EMAIL_SSL_KEYFILE</td>
          <td class="code"><pre>&#x27;********************&#x27;</pre></td>
        </tr>
      
        <tr>
          <td>EMAIL_SUBJECT_PREFIX</td>
          <td class="code"><pre>&#x27;[Django] &#x27;</pre></td>
        </tr>
      
        <tr>
          <td>EMAIL_TIMEOUT</td>
          <td class="code"><pre>None</pre></td>
        </tr>
      
        <tr>
          <td>EMAIL_USE_LOCALTIME</td>
          <td class="code"><pre>False</pre></td>
        </tr>
      
        <tr>
          <td>EMAIL_USE_SSL</td>
          <td class="code"><pre>True</pre></td>
        </tr>
      
        <tr>
          <td>EMAIL_USE_TLS</td>
          <td class="code"><pre>False</pre></td>
        </tr>
      
        <tr>
          <td>FILE_UPLOAD_DIRECTORY_PERMISSIONS</td>
          <td class="code"><pre>None</pre></td>
        </tr>
      
        <tr>
          <td>FILE_UPLOAD_HANDLERS</td>
          <td class="code"><pre>[&#x27;django.core.files.uploadhandler.MemoryFileUploadHandler&#x27;,
 &#x27;django.core.files.uploadhandler.TemporaryFileUploadHandler&#x27;]</pre></td>
        </tr>
      
        <tr>
          <td>FILE_UPLOAD_MAX_MEMORY_SIZE</td>
          <td class="code"><pre>2621440</pre></td>
        </tr>
      
        <tr>
          <td>FILE_UPLOAD_PERMISSIONS</td>
          <td class="code"><pre>420</pre></td>
        </tr>
      
        <tr>
          <td>FILE_UPLOAD_TEMP_DIR</td>
          <td class="code"><pre>None</pre></td>
        </tr>
      
        <tr>
          <td>FIRST_DAY_OF_WEEK</td>
          <td class="code"><pre>0</pre></td>
        </tr>
      
        <tr>
          <td>FIXTURE_DIRS</td>
          <td class="code"><pre>[]</pre></td>
        </tr>
      
        <tr>
          <td>FORCE_SCRIPT_NAME</td>
          <td class="code"><pre>None</pre></td>
        </tr>
      
        <tr>
          <td>FORMAT_MODULE_PATH</td>
          <td class="code"><pre>None</pre></td>
        </tr>
      
        <tr>
          <td>FORM_RENDERER</td>
          <td class="code"><pre>&#x27;django.forms.renderers.DjangoTemplates&#x27;</pre></td>
        </tr>
      
        <tr>
          <td>IGNORABLE_404_URLS</td>
          <td class="code"><pre>[]</pre></td>
        </tr>
      
        <tr>
          <td>INSTALLED_APPS</td>
          <td class="code"><pre>[&#x27;django.contrib.admin&#x27;,
 &#x27;django.contrib.auth&#x27;,
 &#x27;django.contrib.contenttypes&#x27;,
 &#x27;django.contrib.sessions&#x27;,
 &#x27;django.contrib.messages&#x27;,
 &#x27;django.contrib.staticfiles&#x27;,
 &#x27;django_filters&#x27;,
 &#x27;django_apscheduler&#x27;,
 &#x27;allauth&#x27;,
 &#x27;allauth.account&#x27;,
 &#x27;allauth.socialaccount&#x27;,
 &#x27;allauth.socialaccount.providers.google&#x27;,
 &#x27;news.apps.NewsConfig&#x27;,
 &#x27;accounts&#x27;]</pre></td>
        </tr>
      
        <tr>
          <td>INTERNAL_IPS</td>
          <td class="code"><pre>[]</pre></td>
        </tr>
      
        <tr>
          <td>LANGUAGES</td>
          <td class="code"><pre>[(&#x27;af&#x27;, &#x27;Afrikaans&#x27;),
 (&#x27;ar&#x27;, &#x27;Arabic&#x27;),
 (&#x27;ar-dz&#x27;, &#x27;Algerian Arabic&#x27;),
 (&#x27;ast&#x27;, &#x27;Asturian&#x27;),
 (&#x27;az&#x27;, &#x27;Azerbaijani&#x27;),
 (&#x27;bg&#x27;, &#x27;Bulgarian&#x27;),
 (&#x27;be&#x27;, &#x27;Belarusian&#x27;),
 (&#x27;bn&#x27;, &#x27;Bengali&#x27;),
 (&#x27;br&#x27;, &#x27;Breton&#x27;),
 (&#x27;bs&#x27;, &#x27;Bosnian&#x27;),
 (&#x27;ca&#x27;, &#x27;Catalan&#x27;),
 (&#x27;ckb&#x27;, &#x27;Central Kurdish (Sorani)&#x27;),
 (&#x27;cs&#x27;, &#x27;Czech&#x27;),
 (&#x27;cy&#x27;, &#x27;Welsh&#x27;),
 (&#x27;da&#x27;, &#x27;Danish&#x27;),
 (&#x27;de&#x27;, &#x27;German&#x27;),
 (&#x27;dsb&#x27;, &#x27;Lower Sorbian&#x27;),
 (&#x27;el&#x27;, &#x27;Greek&#x27;),
 (&#x27;en&#x27;, &#x27;English&#x27;),
 (&#x27;en-au&#x27;, &#x27;Australian English&#x27;),
 (&#x27;en-gb&#x27;, &#x27;British English&#x27;),
 (&#x27;eo&#x27;, &#x27;Esperanto&#x27;),
 (&#x27;es&#x27;, &#x27;Spanish&#x27;),
 (&#x27;es-ar&#x27;, &#x27;Argentinian Spanish&#x27;),
 (&#x27;es-co&#x27;, &#x27;Colombian Spanish&#x27;),
 (&#x27;es-mx&#x27;, &#x27;Mexican Spanish&#x27;),
 (&#x27;es-ni&#x27;, &#x27;Nicaraguan Spanish&#x27;),
 (&#x27;es-ve&#x27;, &#x27;Venezuelan Spanish&#x27;),
 (&#x27;et&#x27;, &#x27;Estonian&#x27;),
 (&#x27;eu&#x27;, &#x27;Basque&#x27;),
 (&#x27;fa&#x27;, &#x27;Persian&#x27;),
 (&#x27;fi&#x27;, &#x27;Finnish&#x27;),
 (&#x27;fr&#x27;, &#x27;French&#x27;),
 (&#x27;fy&#x27;, &#x27;Frisian&#x27;),
 (&#x27;ga&#x27;, &#x27;Irish&#x27;),
 (&#x27;gd&#x27;, &#x27;Scottish Gaelic&#x27;),
 (&#x27;gl&#x27;, &#x27;Galician&#x27;),
 (&#x27;he&#x27;, &#x27;Hebrew&#x27;),
 (&#x27;hi&#x27;, &#x27;Hindi&#x27;),
 (&#x27;hr&#x27;, &#x27;Croatian&#x27;),
 (&#x27;hsb&#x27;, &#x27;Upper Sorbian&#x27;),
 (&#x27;hu&#x27;, &#x27;Hungarian&#x27;),
 (&#x27;hy&#x27;, &#x27;Armenian&#x27;),
 (&#x27;ia&#x27;, &#x27;Interlingua&#x27;),
 (&#x27;id&#x27;, &#x27;Indonesian&#x27;),
 (&#x27;ig&#x27;, &#x27;Igbo&#x27;),
 (&#x27;io&#x27;, &#x27;Ido&#x27;),
 (&#x27;is&#x27;, &#x27;Icelandic&#x27;),
 (&#x27;it&#x27;, &#x27;Italian&#x27;),
 (&#x27;ja&#x27;, &#x27;Japanese&#x27;),
 (&#x27;ka&#x27;, &#x27;Georgian&#x27;),
 (&#x27;kab&#x27;, &#x27;Kabyle&#x27;),
 (&#x27;kk&#x27;, &#x27;Kazakh&#x27;),
 (&#x27;km&#x27;, &#x27;Khmer&#x27;),
 (&#x27;kn&#x27;, &#x27;Kannada&#x27;),
 (&#x27;ko&#x27;, &#x27;Korean&#x27;),
 (&#x27;ky&#x27;, &#x27;Kyrgyz&#x27;),
 (&#x27;lb&#x27;, &#x27;Luxembourgish&#x27;),
 (&#x27;lt&#x27;, &#x27;Lithuanian&#x27;),
 (&#x27;lv&#x27;, &#x27;Latvian&#x27;),
 (&#x27;mk&#x27;, &#x27;Macedonian&#x27;),
 (&#x27;ml&#x27;, &#x27;Malayalam&#x27;),
 (&#x27;mn&#x27;, &#x27;Mongolian&#x27;),
 (&#x27;mr&#x27;, &#x27;Marathi&#x27;),
 (&#x27;ms&#x27;, &#x27;Malay&#x27;),
 (&#x27;my&#x27;, &#x27;Burmese&#x27;),
 (&#x27;nb&#x27;, &#x27;Norwegian Bokmål&#x27;),
 (&#x27;ne&#x27;, &#x27;Nepali&#x27;),
 (&#x27;nl&#x27;, &#x27;Dutch&#x27;),
 (&#x27;nn&#x27;, &#x27;Norwegian Nynorsk&#x27;),
 (&#x27;os&#x27;, &#x27;Ossetic&#x27;),
 (&#x27;pa&#x27;, &#x27;Punjabi&#x27;),
 (&#x27;pl&#x27;, &#x27;Polish&#x27;),
 (&#x27;pt&#x27;, &#x27;Portuguese&#x27;),
 (&#x27;pt-br&#x27;, &#x27;Brazilian Portuguese&#x27;),
 (&#x27;ro&#x27;, &#x27;Romanian&#x27;),
 (&#x27;ru&#x27;, &#x27;Russian&#x27;),
 (&#x27;sk&#x27;, &#x27;Slovak&#x27;),
 (&#x27;sl&#x27;, &#x27;Slovenian&#x27;),
 (&#x27;sq&#x27;, &#x27;Albanian&#x27;),
 (&#x27;sr&#x27;, &#x27;Serbian&#x27;),
 (&#x27;sr-latn&#x27;, &#x27;Serbian Latin&#x27;),
 (&#x27;sv&#x27;, &#x27;Swedish&#x27;),
 (&#x27;sw&#x27;, &#x27;Swahili&#x27;),
 (&#x27;ta&#x27;, &#x27;Tamil&#x27;),
 (&#x27;te&#x27;, &#x27;Telugu&#x27;),
 (&#x27;tg&#x27;, &#x27;Tajik&#x27;),
 (&#x27;th&#x27;, &#x27;Thai&#x27;),
 (&#x27;tk&#x27;, &#x27;Turkmen&#x27;),
 (&#x27;tr&#x27;, &#x27;Turkish&#x27;),
 (&#x27;tt&#x27;, &#x27;Tatar&#x27;),
 (&#x27;udm&#x27;, &#x27;Udmurt&#x27;),
 (&#x27;uk&#x27;, &#x27;Ukrainian&#x27;),
 (&#x27;ur&#x27;, &#x27;Urdu&#x27;),
 (&#x27;uz&#x27;, &#x27;Uzbek&#x27;),
 (&#x27;vi&#x27;, &#x27;Vietnamese&#x27;),
 (&#x27;zh-hans&#x27;, &#x27;Simplified Chinese&#x27;),
 (&#x27;zh-hant&#x27;, &#x27;Traditional Chinese&#x27;)]</pre></td>
        </tr>
      
        <tr>
          <td>LANGUAGES_BIDI</td>
          <td class="code"><pre>[&#x27;he&#x27;, &#x27;ar&#x27;, &#x27;ar-dz&#x27;, &#x27;ckb&#x27;, &#x27;fa&#x27;, &#x27;ur&#x27;]</pre></td>
        </tr>
      
        <tr>
          <td>LANGUAGE_CODE</td>
          <td class="code"><pre>&#x27;en-us&#x27;</pre></td>
        </tr>
      
        <tr>
          <td>LANGUAGE_COOKIE_AGE</td>
          <td class="code"><pre>None</pre></td>
        </tr>
      
        <tr>
          <td>LANGUAGE_COOKIE_DOMAIN</td>
          <td class="code"><pre>None</pre></td>
        </tr>
      
        <tr>
          <td>LANGUAGE_COOKIE_HTTPONLY</td>
          <td class="code"><pre>False</pre></td>
        </tr>
      
        <tr>
          <td>LANGUAGE_COOKIE_NAME</td>
          <td class="code"><pre>&#x27;django_language&#x27;</pre></td>
        </tr>
      
        <tr>
          <td>LANGUAGE_COOKIE_PATH</td>
          <td class="code"><pre>&#x27;/&#x27;</pre></td>
        </tr>
      
        <tr>
          <td>LANGUAGE_COOKIE_SAMESITE</td>
          <td class="code"><pre>None</pre></td>
        </tr>
      
        <tr>
          <td>LANGUAGE_COOKIE_SECURE</td>
          <td class="code"><pre>False</pre></td>
        </tr>
      
        <tr>
          <td>LOCALE_PATHS</td>
          <td class="code"><pre>[]</pre></td>
        </tr>
      
        <tr>
          <td>LOGGING</td>
          <td class="code"><pre>{&#x27;disable_existing_loggers&#x27;: False,
 &#x27;filters&#x27;: {&#x27;require_debug_false&#x27;: {&#x27;()&#x27;: &#x27;django.utils.log.RequireDebugFalse&#x27;},
             &#x27;require_debug_true&#x27;: {&#x27;()&#x27;: &#x27;django.utils.log.RequireDebugTrue&#x27;}},
 &#x27;formatters&#x27;: {&#x27;formatter_debug&#x27;: {&#x27;format&#x27;: &#x27;{asctime}  {levelname}  &#x27;
                                              &#x27;{message}\n&#x27;,
                                    &#x27;style&#x27;: &#x27;{&#x27;},
                &#x27;formatter_error&#x27;: {&#x27;format&#x27;: &#x27;{asctime}  {levelname}  &#x27;
                                              &#x27;{message}  {pathname}  &#x27;
                                              &#x27;{exc_info}\n&#x27;,
                                    &#x27;style&#x27;: &#x27;{&#x27;},
                &#x27;formatter_info&#x27;: {&#x27;format&#x27;: &#x27;{asctime}  {levelname}  &#x27;
                                             &#x27;{module}  {message}\n&#x27;,
                                   &#x27;style&#x27;: &#x27;{&#x27;},
                &#x27;formatter_warning&#x27;: {&#x27;format&#x27;: &#x27;{asctime}  {levelname}  &#x27;
                                                &#x27;{message}  {pathname}\n&#x27;,
                                      &#x27;style&#x27;: &#x27;{&#x27;}},
 &#x27;handlers&#x27;: {&#x27;console_debug&#x27;: {&#x27;class&#x27;: &#x27;logging.StreamHandler&#x27;,
                                &#x27;filters&#x27;: [&#x27;require_debug_true&#x27;],
                                &#x27;formatter&#x27;: &#x27;formatter_debug&#x27;,
                                &#x27;level&#x27;: &#x27;DEBUG&#x27;},
              &#x27;console_error&#x27;: {&#x27;class&#x27;: &#x27;logging.StreamHandler&#x27;,
                                &#x27;filters&#x27;: [&#x27;require_debug_true&#x27;],
                                &#x27;formatter&#x27;: &#x27;formatter_error&#x27;,
                                &#x27;level&#x27;: &#x27;ERROR&#x27;},
              &#x27;console_warning&#x27;: {&#x27;class&#x27;: &#x27;logging.StreamHandler&#x27;,
                                  &#x27;filters&#x27;: [&#x27;require_debug_true&#x27;],
                                  &#x27;formatter&#x27;: &#x27;formatter_warning&#x27;,
                                  &#x27;level&#x27;: &#x27;WARNING&#x27;},
              &#x27;file_error&#x27;: {&#x27;class&#x27;: &#x27;logging.FileHandler&#x27;,
                             &#x27;filename&#x27;: &#x27;errors.log&#x27;,
                             &#x27;filters&#x27;: [&#x27;require_debug_false&#x27;],
                             &#x27;formatter&#x27;: &#x27;formatter_error&#x27;,
                             &#x27;level&#x27;: &#x27;ERROR&#x27;},
              &#x27;file_info&#x27;: {&#x27;class&#x27;: &#x27;logging.FileHandler&#x27;,
                            &#x27;filename&#x27;: &#x27;general.log&#x27;,
                            &#x27;filters&#x27;: [&#x27;require_debug_false&#x27;],
                            &#x27;formatter&#x27;: &#x27;formatter_info&#x27;,
                            &#x27;level&#x27;: &#x27;INFO&#x27;},
              &#x27;file_security&#x27;: {&#x27;class&#x27;: &#x27;logging.FileHandler&#x27;,
                                &#x27;filename&#x27;: &#x27;security.log&#x27;,
                                &#x27;formatter&#x27;: &#x27;formatter_info&#x27;,
                                &#x27;level&#x27;: &#x27;DEBUG&#x27;},
              &#x27;mail_admins&#x27;: {&#x27;class&#x27;: &#x27;django.utils.log.AdminEmailHandler&#x27;,
                              &#x27;email_backend&#x27;: &#x27;django.core.mail.backends.filebased.EmailBackend&#x27;,
                              &#x27;filters&#x27;: [&#x27;require_debug_true&#x27;],
                              &#x27;formatter&#x27;: &#x27;formatter_warning&#x27;,
                              &#x27;include_html&#x27;: True,
                              &#x27;level&#x27;: &#x27;ERROR&#x27;}},
 &#x27;loggers&#x27;: {&#x27;django&#x27;: {&#x27;handlers&#x27;: [&#x27;console_debug&#x27;,
                                     &#x27;console_warning&#x27;,
                                     &#x27;console_error&#x27;,
                                     &#x27;file_info&#x27;],
                        &#x27;level&#x27;: &#x27;DEBUG&#x27;,
                        &#x27;propagate&#x27;: True},
             &#x27;django.db_backends&#x27;: {&#x27;handlers&#x27;: [&#x27;file_error&#x27;],
                                    &#x27;level&#x27;: &#x27;ERROR&#x27;,
                                    &#x27;propagate&#x27;: True},
             &#x27;django.request&#x27;: {&#x27;handlers&#x27;: [&#x27;file_error&#x27;, &#x27;mail_admins&#x27;],
                                &#x27;level&#x27;: &#x27;ERROR&#x27;,
                                &#x27;propagate&#x27;: True},
             &#x27;django.security&#x27;: {&#x27;handlers&#x27;: [&#x27;file_security&#x27;],
                                 &#x27;level&#x27;: &#x27;DEBUG&#x27;,
                                 &#x27;propagate&#x27;: True},
             &#x27;django.server&#x27;: {&#x27;handlers&#x27;: [&#x27;file_error&#x27;, &#x27;mail_admins&#x27;],
                               &#x27;level&#x27;: &#x27;ERROR&#x27;,
                               &#x27;propagate&#x27;: True},
             &#x27;django.template&#x27;: {&#x27;handlers&#x27;: [&#x27;file_error&#x27;],
                                 &#x27;level&#x27;: &#x27;ERROR&#x27;,
                                 &#x27;propagate&#x27;: True},
             &#x27;error&#x27;: {&#x27;handlers&#x27;: [&#x27;file_error&#x27;],
                       &#x27;level&#x27;: &#x27;ERROR&#x27;,
                       &#x27;propagate&#x27;: True}},
 &#x27;version&#x27;: 1}</pre></td>
        </tr>
      
        <tr>
          <td>LOGGING_CONFIG</td>
          <td class="code"><pre>&#x27;logging.config.dictConfig&#x27;</pre></td>
        </tr>
      
        <tr>
          <td>LOGIN_REDIRECT_URL</td>
          <td class="code"><pre>&#x27;/news/&#x27;</pre></td>
        </tr>
      
        <tr>
          <td>LOGIN_URL</td>
          <td class="code"><pre>&#x27;/accounts/login/&#x27;</pre></td>
        </tr>
      
        <tr>
          <td>LOGOUT_REDIRECT_URL</td>
          <td class="code"><pre>&#x27;/news/&#x27;</pre></td>
        </tr>
      
        <tr>
          <td>MANAGERS</td>
          <td class="code"><pre>[]</pre></td>
        </tr>
      
        <tr>
          <td>MEDIA_ROOT</td>
          <td class="code"><pre>&#x27;&#x27;</pre></td>
        </tr>
      
        <tr>
          <td>MEDIA_URL</td>
          <td class="code"><pre>&#x27;/&#x27;</pre></td>
        </tr>
      
        <tr>
          <td>MESSAGE_STORAGE</td>
          <td class="code"><pre>&#x27;django.contrib.messages.storage.fallback.FallbackStorage&#x27;</pre></td>
        </tr>
      
        <tr>
          <td>MIDDLEWARE</td>
          <td class="code"><pre>[&#x27;django.middleware.security.SecurityMiddleware&#x27;,
 &#x27;django.contrib.sessions.middleware.SessionMiddleware&#x27;,
 &#x27;django.middleware.common.CommonMiddleware&#x27;,
 &#x27;django.middleware.csrf.CsrfViewMiddleware&#x27;,
 &#x27;django.contrib.auth.middleware.AuthenticationMiddleware&#x27;,
 &#x27;django.contrib.messages.middleware.MessageMiddleware&#x27;,
 &#x27;django.middleware.clickjacking.XFrameOptionsMiddleware&#x27;]</pre></td>
        </tr>
      
        <tr>
          <td>MIGRATION_MODULES</td>
          <td class="code"><pre>{}</pre></td>
        </tr>
      
        <tr>
          <td>MONTH_DAY_FORMAT</td>
          <td class="code"><pre>&#x27;F j&#x27;</pre></td>
        </tr>
      
        <tr>
          <td>NUMBER_GROUPING</td>
          <td class="code"><pre>0</pre></td>
        </tr>
      
        <tr>
          <td>PASSWORD_HASHERS</td>
          <td class="code"><pre>&#x27;********************&#x27;</pre></td>
        </tr>
      
        <tr>
          <td>PASSWORD_RESET_TIMEOUT</td>
          <td class="code"><pre>&#x27;********************&#x27;</pre></td>
        </tr>
      
        <tr>
          <td>PREPEND_WWW</td>
          <td class="code"><pre>False</pre></td>
        </tr>
      
        <tr>
          <td>ROOT_URLCONF</td>
          <td class="code"><pre>&#x27;NewsPaper.urls&#x27;</pre></td>
        </tr>
      
        <tr>
          <td>SECRET_KEY</td>
          <td class="code"><pre>&#x27;********************&#x27;</pre></td>
        </tr>
      
        <tr>
          <td>SECRET_KEY_FALLBACKS</td>
          <td class="code"><pre>&#x27;********************&#x27;</pre></td>
        </tr>
      
        <tr>
          <td>SECURE_CONTENT_TYPE_NOSNIFF</td>
          <td class="code"><pre>True</pre></td>
        </tr>
      
        <tr>
          <td>SECURE_CROSS_ORIGIN_OPENER_POLICY</td>
          <td class="code"><pre>&#x27;same-origin&#x27;</pre></td>
        </tr>
      
        <tr>
          <td>SECURE_HSTS_INCLUDE_SUBDOMAINS</td>
          <td class="code"><pre>False</pre></td>
        </tr>
      
        <tr>
          <td>SECURE_HSTS_PRELOAD</td>
          <td class="code"><pre>False</pre></td>
        </tr>
      
        <tr>
          <td>SECURE_HSTS_SECONDS</td>
          <td class="code"><pre>0</pre></td>
        </tr>
      
        <tr>
          <td>SECURE_PROXY_SSL_HEADER</td>
          <td class="code"><pre>None</pre></td>
        </tr>
      
        <tr>
          <td>SECURE_REDIRECT_EXEMPT</td>
          <td class="code"><pre>[]</pre></td>
        </tr>
      
        <tr>
          <td>SECURE_REFERRER_POLICY</td>
          <td class="code"><pre>&#x27;same-origin&#x27;</pre></td>
        </tr>
      
        <tr>
          <td>SECURE_SSL_HOST</td>
          <td class="code"><pre>None</pre></td>
        </tr>
      
        <tr>
          <td>SECURE_SSL_REDIRECT</td>
          <td class="code"><pre>False</pre></td>
        </tr>
      
        <tr>
          <td>SERVER_EMAIL</td>
          <td class="code"><pre>&#x27;Geographsawqa@yandex.ru&#x27;</pre></td>
        </tr>
      
        <tr>
          <td>SESSION_CACHE_ALIAS</td>
          <td class="code"><pre>&#x27;default&#x27;</pre></td>
        </tr>
      
        <tr>
          <td>SESSION_COOKIE_AGE</td>
          <td class="code"><pre>1209600</pre></td>
        </tr>
      
        <tr>
          <td>SESSION_COOKIE_DOMAIN</td>
          <td class="code"><pre>None</pre></td>
        </tr>
      
        <tr>
          <td>SESSION_COOKIE_HTTPONLY</td>
          <td class="code"><pre>True</pre></td>
        </tr>
      
        <tr>
          <td>SESSION_COOKIE_NAME</td>
          <td class="code"><pre>&#x27;sessionid&#x27;</pre></td>
        </tr>
      
        <tr>
          <td>SESSION_COOKIE_PATH</td>
          <td class="code"><pre>&#x27;/&#x27;</pre></td>
        </tr>
      
        <tr>
          <td>SESSION_COOKIE_SAMESITE</td>
          <td class="code"><pre>&#x27;Lax&#x27;</pre></td>
        </tr>
      
        <tr>
          <td>SESSION_COOKIE_SECURE</td>
          <td class="code"><pre>False</pre></td>
        </tr>
      
        <tr>
          <td>SESSION_ENGINE</td>
          <td class="code"><pre>&#x27;django.contrib.sessions.backends.db&#x27;</pre></td>
        </tr>
      
        <tr>
          <td>SESSION_EXPIRE_AT_BROWSER_CLOSE</td>
          <td class="code"><pre>False</pre></td>
        </tr>
      
        <tr>
          <td>SESSION_FILE_PATH</td>
          <td class="code"><pre>None</pre></td>
        </tr>
      
        <tr>
          <td>SESSION_SAVE_EVERY_REQUEST</td>
          <td class="code"><pre>False</pre></td>
        </tr>
      
        <tr>
          <td>SESSION_SERIALIZER</td>
          <td class="code"><pre>&#x27;django.contrib.sessions.serializers.JSONSerializer&#x27;</pre></td>
        </tr>
      
        <tr>
          <td>SETTINGS_MODULE</td>
          <td class="code"><pre>&#x27;NewsPaper.settings&#x27;</pre></td>
        </tr>
      
        <tr>
          <td>SHORT_DATETIME_FORMAT</td>
          <td class="code"><pre>&#x27;m/d/Y P&#x27;</pre></td>
        </tr>
      
        <tr>
          <td>SHORT_DATE_FORMAT</td>
          <td class="code"><pre>&#x27;m/d/Y&#x27;</pre></td>
        </tr>
      
        <tr>
          <td>SIGNING_BACKEND</td>
          <td class="code"><pre>&#x27;django.core.signing.TimestampSigner&#x27;</pre></td>
        </tr>
      
        <tr>
          <td>SILENCED_SYSTEM_CHECKS</td>
          <td class="code"><pre>[]</pre></td>
        </tr>
      
        <tr>
          <td>STATICFILES_DIRS</td>
          <td class="code"><pre>[]</pre></td>
        </tr>
      
        <tr>
          <td>STATICFILES_FINDERS</td>
          <td class="code"><pre>[&#x27;django.contrib.staticfiles.finders.FileSystemFinder&#x27;,
 &#x27;django.contrib.staticfiles.finders.AppDirectoriesFinder&#x27;]</pre></td>
        </tr>
      
        <tr>
          <td>STATICFILES_STORAGE</td>
          <td class="code"><pre>&#x27;django.contrib.staticfiles.storage.StaticFilesStorage&#x27;</pre></td>
        </tr>
      
        <tr>
          <td>STATIC_ROOT</td>
          <td class="code"><pre>None</pre></td>
        </tr>
      
        <tr>
          <td>STATIC_URL</td>
          <td class="code"><pre>&#x27;/static/&#x27;</pre></td>
        </tr>
      
        <tr>
          <td>STORAGES</td>
          <td class="code"><pre>{&#x27;default&#x27;: {&#x27;BACKEND&#x27;: &#x27;django.core.files.storage.FileSystemStorage&#x27;},
 &#x27;staticfiles&#x27;: {&#x27;BACKEND&#x27;: &#x27;django.contrib.staticfiles.storage.StaticFilesStorage&#x27;}}</pre></td>
        </tr>
      
        <tr>
          <td>TEMPLATES</td>
          <td class="code"><pre>[{&#x27;APP_DIRS&#x27;: True,
  &#x27;BACKEND&#x27;: &#x27;django.template.backends.django.DjangoTemplates&#x27;,
  &#x27;DIRS&#x27;: [WindowsPath(&#x27;C:/SkillFactory/moduleD6_homework/NewsPaper/templates&#x27;)],
  &#x27;OPTIONS&#x27;: {&#x27;context_processors&#x27;: [&#x27;django.template.context_processors.debug&#x27;,
                                     &#x27;django.template.context_processors.request&#x27;,
                                     &#x27;django.contrib.auth.context_processors.auth&#x27;,
                                     &#x27;django.contrib.messages.context_processors.messages&#x27;]}}]</pre></td>
        </tr>
      
        <tr>
          <td>TEST_NON_SERIALIZED_APPS</td>
          <td class="code"><pre>[]</pre></td>
        </tr>
      
        <tr>
          <td>TEST_RUNNER</td>
          <td class="code"><pre>&#x27;django.test.runner.DiscoverRunner&#x27;</pre></td>
        </tr>
      
        <tr>
          <td>THOUSAND_SEPARATOR</td>
          <td class="code"><pre>&#x27;,&#x27;</pre></td>
        </tr>
      
        <tr>
          <td>TIME_FORMAT</td>
          <td class="code"><pre>&#x27;P&#x27;</pre></td>
        </tr>
      
        <tr>
          <td>TIME_INPUT_FORMATS</td>
          <td class="code"><pre>[&#x27;%H:%M:%S&#x27;, &#x27;%H:%M:%S.%f&#x27;, &#x27;%H:%M&#x27;]</pre></td>
        </tr>
      
        <tr>
          <td>TIME_ZONE</td>
          <td class="code"><pre>&#x27;UTC&#x27;</pre></td>
        </tr>
      
        <tr>
          <td>USE_DEPRECATED_PYTZ</td>
          <td class="code"><pre>False</pre></td>
        </tr>
      
        <tr>
          <td>USE_I18N</td>
          <td class="code"><pre>True</pre></td>
        </tr>
      
        <tr>
          <td>USE_L10N</td>
          <td class="code"><pre>True</pre></td>
        </tr>
      
        <tr>
          <td>USE_THOUSAND_SEPARATOR</td>
          <td class="code"><pre>False</pre></td>
        </tr>
      
        <tr>
          <td>USE_TZ</td>
          <td class="code"><pre>True</pre></td>
        </tr>
      
        <tr>
          <td>USE_X_FORWARDED_HOST</td>
          <td class="code"><pre>False</pre></td>
        </tr>
      
        <tr>
          <td>USE_X_FORWARDED_PORT</td>
          <td class="code"><pre>False</pre></td>
        </tr>
      
        <tr>
          <td>WSGI_APPLICATION</td>
          <td class="code"><pre>&#x27;NewsPaper.wsgi.application&#x27;</pre></td>
        </tr>
      
        <tr>
          <td>X_FRAME_OPTIONS</td>
          <td class="code"><pre>&#x27;DENY&#x27;</pre></td>
        </tr>
      
        <tr>
          <td>YEAR_MONTH_FORMAT</td>
          <td class="code"><pre>&#x27;F Y&#x27;</pre></td>
        </tr>
      
    </tbody>
  </table>

</div>

</body>
</html>

--===============7981083604803824606==--

-------------------------------------------------------------------------------
